#
# A fatal error has been detected by the Java Runtime Environment:
#
#  SIGSEGV (0xb) at pc=0x0000000105569e32, pid=5618, tid=0x0000000000000307
#
# JRE version: Java(TM) SE Runtime Environment (8.0_121-b13) (build 1.8.0_121-b13)
# Java VM: Java HotSpot(TM) 64-Bit Server VM (25.121-b13 mixed mode bsd-amd64 compressed oops)
# Problematic frame:
# V  [libjvm.dylib+0x169e32]  ThreadStateTransition::trans_from_native(JavaThreadState)+0xa
#
# Failed to write core dump. Core dumps have been disabled. To enable core dumping, try "ulimit -c unlimited" before starting Java again
#
# If you would like to submit a bug report, please visit:
#   http://bugreport.java.com/bugreport/crash.jsp
#

---------------  T H R E A D  ---------------

Current thread is native thread

siginfo: si_signo: 11 (SIGSEGV), si_code: 1 (SEGV_MAPERR), si_addr: 0x0000000000000270

Registers:
RAX=0x0000000000000000, RBX=0x0000000000000000, RCX=0x0000000105c2f490, RDX=0x0000000000000000
RSP=0x00007fff5b081610, RBP=0x00007fff5b081620, RSI=0x0000000000000006, RDI=0x00007fff5b081630
R8 =0x0000000000000000, R9 =0x0000000000000258, R10=0x000000010cd7dee0, R11=0x00007faa33646fa0
R12=0x00007faa350a69f8, R13=0x00007faa39515330, R14=0x00007faa3357ab60, R15=0x00007faa350a69f8
RIP=0x0000000105569e32, EFLAGS=0x0000000000010246, ERR=0x0000000000000006
  TRAPNO=0x000000000000000e

Top of Stack: (sp=0x00007fff5b081610)
0x00007fff5b081610:   0000000000000000 00007faa3357ab60
0x00007fff5b081620:   00007fff5b081650 000000010571416a
0x00007fff5b081630:   0000000000000000 00007faa39729f80
0x00007fff5b081640:   0000000000000008 00007faa3900f430
0x00007fff5b081650:   00007fff5b081670 000000010cd79e3a
0x00007fff5b081660:   00007faa350a69f8 00007faa3ac5da00
0x00007fff5b081670:   00007fff5b081690 000000010cd79c44
0x00007fff5b081680:   00007faa39729f00 00007faa394ec920
0x00007fff5b081690:   00007fff5b0816f0 000000012bc63e6b
0x00007fff5b0816a0:   e25698bcfc6800fe 0000000000000000
0x00007fff5b0816b0:   40e6315776f27dea 0000000000000000
0x00007fff5b0816c0:   00007fff5b0816f0 00007faa3900f430
0x00007fff5b0816d0:   00007faa35c19090 00007faa39515330
0x00007fff5b0816e0:   00007faa3900f430 00007fffa0d52b40
0x00007fff5b0816f0:   00007fff5b081770 00007fff92197821
0x00007fff5b081700:   00007faa33978600 0000000000000000
0x00007fff5b081710:   0000009c5b081750 00007faa3ac5da00
0x00007fff5b081720:   0000000000000000 0000000000000000
0x00007fff5b081730:   0000000400000000 40e6315776f27dea
0x00007fff5b081740:   00007fff5b081770 00007faa3900f430
0x00007fff5b081750:   0000000000000004 0000000000000000
0x00007fff5b081760:   00007fffa0d52b40 00007fff8ad4713e
0x00007fff5b081770:   00007fff5b0817e0 00007fff9219739f
0x00007fff5b081780:   4000000000000000 4072c00000000000
0x00007fff5b081790:   4053800000000000 0000000000000000
0x00007fff5b0817a0:   0000000000000000 4072c00000000000
0x00007fff5b0817b0:   4053800000000000 00007fff5b0818b0
0x00007fff5b0817c0:   00007faa35c35238 0000000000000000
0x00007fff5b0817d0:   00007fff8ad4f89f 00007faa33978600
0x00007fff5b0817e0:   00007fff5b0828b0 00007fff921aa546
0x00007fff5b0817f0:   00007fff5b0828b0 00007fff921aa41c
0x00007fff5b081800:   00007faa35c35238 00007faa35c35238 

Instructions: (pc=0x0000000105569e32)
0x0000000105569e12:   0e 48 8b 0b 49 8b 56 18 48 63 c0 48 89 0c c2 5b
0x0000000105569e22:   41 5e 5d c3 90 90 55 48 89 e5 41 56 53 48 8b 1f
0x0000000105569e32:   c7 83 70 02 00 00 05 00 00 00 48 8d 05 85 64 78
0x0000000105569e42:   00 8b 00 83 f8 01 41 89 f6 75 0c 48 8d 0d d2 cf 

Register to memory mapping:

RAX=0x0000000000000000 is an unknown value
RBX=0x0000000000000000 is an unknown value
RCX=0x0000000105c2f490: jni_NativeInterface+0 in /Library/Java/JavaVirtualMachines/jdk1.8.0_121.jdk/Contents/Home/jre/lib/server/libjvm.dylib at 0x0000000105400000
RDX=0x0000000000000000 is an unknown value
RSP=0x00007fff5b081610 is an unknown value
RBP=0x00007fff5b081620 is an unknown value
RSI=0x0000000000000006 is an unknown value
RDI=0x00007fff5b081630 is an unknown value
R8 =0x0000000000000000 is an unknown value
R9 =0x0000000000000258 is an unknown value
R10=0x000000010cd7dee0: OBJC_CLASS_$_JNFWeakJObjectWrapper+0 in /System/Library/Frameworks/JavaVM.framework/Versions/A/Frameworks/JavaNativeFoundation.framework/Versions/A/JavaNativeFoundation at 0x000000010cd73000
R11=0x00007faa33646fa0 is an unknown value
R12=0x00007faa350a69f8 is an unknown value
R13=0x00007faa39515330 is an unknown value
R14=0x00007faa3357ab60 is a weak global jni handle
R15=0x00007faa350a69f8 is an unknown value


Stack: [0x00007fff5a886000,0x00007fff5b086000],  sp=0x00007fff5b081610,  free space=8173k
Native frames: (J=compiled Java code, j=interpreted, Vv=VM code, C=native code)
V  [libjvm.dylib+0x169e32]  ThreadStateTransition::trans_from_native(JavaThreadState)+0xa
V  [libjvm.dylib+0x31416a]  jni_IsSameObject+0x30
C  [JavaNativeFoundation+0x6e3a]  -[JNFWeakJObjectWrapper _getWithEnv:]+0x26
C  [JavaNativeFoundation+0x6c44]  -[JNFJObjectWrapper jObjectWithEnv:]+0x16
C  [libawt_lwawt.dylib+0x1ae6b]  -[CGLLayer drawInCGLContext:pixelFormat:forLayerTime:displayTime:]+0xa4
C  [QuartzCore+0x110821]  CAOpenGLLayerDraw(CAOpenGLLayer*, double, CVTimeStamp const*, unsigned int)+0x369
C  [QuartzCore+0x11039f]  -[CAOpenGLLayer _display]+0x15f
C  [QuartzCore+0x123546]  CA::Layer::display_if_needed(CA::Transaction*)+0x23c
C  [QuartzCore+0x123671]  CA::Layer::layout_and_display_if_needed(CA::Transaction*)+0x23
C  [QuartzCore+0x118e88]  CA::Context::commit_transaction(CA::Transaction*)+0x118
C  [QuartzCore+0xfd55]  CA::Transaction::commit()+0x1db
C  [QuartzCore+0x106b6]  CA::Transaction::observer_callback(__CFRunLoopObserver*, unsigned long, void*)+0x6c
C  [CoreFoundation+0xa6ec7]  __CFRUNLOOP_IS_CALLING_OUT_TO_AN_OBSERVER_CALLBACK_FUNCTION__+0x17
C  [CoreFoundation+0xa6e37]  __CFRunLoopDoObservers+0x187
C  [CoreFoundation+0x87c2e]  __CFRunLoopRun+0x4be
C  [CoreFoundation+0x87514]  CFRunLoopRunSpecific+0x1a4
C  [java+0x6465]  CreateExecutionEnvironment+0x367
C  [java+0x218c]  JLI_Launch+0x7a0
C  [java+0x84c2]  main+0x65
C  [java+0x19e4]  start+0x34


---------------  P R O C E S S  ---------------

VM state:not at safepoint (normal execution)

VM Mutex/Monitor currently owned by a thread: None

Heap:
 PSYoungGen      total 38400K, used 8782K [0x0000000795580000, 0x0000000798000000, 0x00000007c0000000)
  eden space 33280K, 26% used [0x0000000795580000,0x0000000795e13850,0x0000000797600000)
  from space 5120K, 0% used [0x0000000797b00000,0x0000000797b00000,0x0000000798000000)
  to   space 5120K, 0% used [0x0000000797600000,0x0000000797600000,0x0000000797b00000)
 ParOldGen       total 51200K, used 9465K [0x0000000740000000, 0x0000000743200000, 0x0000000795580000)
  object space 51200K, 18% used [0x0000000740000000,0x000000074093e6a0,0x0000000743200000)
 Metaspace       used 23029K, capacity 23966K, committed 24064K, reserved 1071104K
  class space    used 3108K, capacity 3307K, committed 3328K, reserved 1048576K

Card table byte_map: [0x00000001067b6000,0x0000000106bb7000] byte_map_base: 0x0000000102db6000

Marking Bits: (ParMarkBitMap*) 0x0000000105cf0d30
 Begin Bits: [0x0000000106e62000, 0x0000000108e62000)
 End Bits:   [0x0000000108e62000, 0x000000010ae62000)

Polling page: 0x0000000104bf7000

CodeCache: size=245760Kb used=8827Kb max_used=8827Kb free=236932Kb
 bounds [0x000000010f2bd000, 0x000000010fb6d000, 0x000000011e2bd000]
 total_blobs=3708 nmethods=2885 adapters=736
 compilation: enabled

Compilation events (10 events):
Event: 36.210 Thread 0x00007faa34824800 2916       3       java.lang.Class$Atomic::casReflectionData (13 bytes)
Event: 36.210 Thread 0x00007faa34824800 nmethod 2916 0x000000010fb5ef90 code [0x000000010fb5f0e0, 0x000000010fb5f250]
Event: 36.222 Thread 0x00007faa34824800 2917       3       jdk.internal.org.objectweb.asm.MethodWriter::visitTypeInsn (110 bytes)
Event: 36.222 Thread 0x00007faa34824800 nmethod 2917 0x000000010fb59a10 code [0x000000010fb59bc0, 0x000000010fb5a008]
Event: 36.241 Thread 0x00007faa34824800 2918       1       java.awt.Component::getWidth (5 bytes)
Event: 36.242 Thread 0x00007faa34824800 nmethod 2918 0x000000010fb59750 code [0x000000010fb598a0, 0x000000010fb599b0]
Event: 36.242 Thread 0x00007faa34824800 2919       1       java.awt.Component::getHeight (5 bytes)
Event: 36.242 Thread 0x00007faa34824800 nmethod 2919 0x000000010fb59490 code [0x000000010fb595e0, 0x000000010fb596f0]
Event: 36.243 Thread 0x00007faa34824800 2920       1       sun.java2d.SurfaceData::isValid (5 bytes)
Event: 36.244 Thread 0x00007faa34824800 nmethod 2920 0x000000010fb591d0 code [0x000000010fb59320, 0x000000010fb59430]

GC Heap History (6 events):
Event: 2.179 GC heap before
{Heap before GC invocations=1 (full 0):
 PSYoungGen      total 38400K, used 33280K [0x0000000795580000, 0x0000000798000000, 0x00000007c0000000)
  eden space 33280K, 100% used [0x0000000795580000,0x0000000797600000,0x0000000797600000)
  from space 5120K, 0% used [0x0000000797b00000,0x0000000797b00000,0x0000000798000000)
  to   space 5120K, 0% used [0x0000000797600000,0x0000000797600000,0x0000000797b00000)
 ParOldGen       total 87552K, used 0K [0x0000000740000000, 0x0000000745580000, 0x0000000795580000)
  object space 87552K, 0% used [0x0000000740000000,0x0000000740000000,0x0000000745580000)
 Metaspace       used 13929K, capacity 14458K, committed 14720K, reserved 1062912K
  class space    used 1928K, capacity 2053K, committed 2176K, reserved 1048576K
Event: 2.188 GC heap after
Heap after GC invocations=1 (full 0):
 PSYoungGen      total 38400K, used 4352K [0x0000000795580000, 0x0000000798000000, 0x00000007c0000000)
  eden space 33280K, 0% used [0x0000000795580000,0x0000000795580000,0x0000000797600000)
  from space 5120K, 85% used [0x0000000797600000,0x0000000797a40040,0x0000000797b00000)
  to   space 5120K, 0% used [0x0000000797b00000,0x0000000797b00000,0x0000000798000000)
 ParOldGen       total 87552K, used 72K [0x0000000740000000, 0x0000000745580000, 0x0000000795580000)
  object space 87552K, 0% used [0x0000000740000000,0x0000000740012010,0x0000000745580000)
 Metaspace       used 13929K, capacity 14458K, committed 14720K, reserved 1062912K
  class space    used 1928K, capacity 2053K, committed 2176K, reserved 1048576K
}
Event: 6.262 GC heap before
{Heap before GC invocations=2 (full 0):
 PSYoungGen      total 38400K, used 18524K [0x0000000795580000, 0x0000000798000000, 0x00000007c0000000)
  eden space 33280K, 42% used [0x0000000795580000,0x0000000796357390,0x0000000797600000)
  from space 5120K, 85% used [0x0000000797600000,0x0000000797a40040,0x0000000797b00000)
  to   space 5120K, 0% used [0x0000000797b00000,0x0000000797b00000,0x0000000798000000)
 ParOldGen       total 87552K, used 72K [0x0000000740000000, 0x0000000745580000, 0x0000000795580000)
  object space 87552K, 0% used [0x0000000740000000,0x0000000740012010,0x0000000745580000)
 Metaspace       used 20308K, capacity 21162K, committed 21248K, reserved 1067008K
  class space    used 2832K, capacity 3051K, committed 3072K, reserved 1048576K
Event: 6.274 GC heap after
Heap after GC invocations=2 (full 0):
 PSYoungGen      total 38400K, used 5088K [0x0000000795580000, 0x0000000798000000, 0x00000007c0000000)
  eden space 33280K, 0% used [0x0000000795580000,0x0000000795580000,0x0000000797600000)
  from space 5120K, 99% used [0x0000000797b00000,0x0000000797ff8050,0x0000000798000000)
  to   space 5120K, 0% used [0x0000000797600000,0x0000000797600000,0x0000000797b00000)
 ParOldGen       total 87552K, used 6754K [0x0000000740000000, 0x0000000745580000, 0x0000000795580000)
  object space 87552K, 7% used [0x0000000740000000,0x0000000740698840,0x0000000745580000)
 Metaspace       used 20308K, capacity 21162K, committed 21248K, reserved 1067008K
  class space    used 2832K, capacity 3051K, committed 3072K, reserved 1048576K
}
Event: 6.274 GC heap before
{Heap before GC invocations=3 (full 1):
 PSYoungGen      total 38400K, used 5088K [0x0000000795580000, 0x0000000798000000, 0x00000007c0000000)
  eden space 33280K, 0% used [0x0000000795580000,0x0000000795580000,0x0000000797600000)
  from space 5120K, 99% used [0x0000000797b00000,0x0000000797ff8050,0x0000000798000000)
  to   space 5120K, 0% used [0x0000000797600000,0x0000000797600000,0x0000000797b00000)
 ParOldGen       total 87552K, used 6754K [0x0000000740000000, 0x0000000745580000, 0x0000000795580000)
  object space 87552K, 7% used [0x0000000740000000,0x0000000740698840,0x0000000745580000)
 Metaspace       used 20308K, capacity 21162K, committed 21248K, reserved 1067008K
  class space    used 2832K, capacity 3051K, committed 3072K, reserved 1048576K
Event: 6.303 GC heap after
Heap after GC invocations=3 (full 1):
 PSYoungGen      total 38400K, used 0K [0x0000000795580000, 0x0000000798000000, 0x00000007c0000000)
  eden space 33280K, 0% used [0x0000000795580000,0x0000000795580000,0x0000000797600000)
  from space 5120K, 0% used [0x0000000797b00000,0x0000000797b00000,0x0000000798000000)
  to   space 5120K, 0% used [0x0000000797600000,0x0000000797600000,0x0000000797b00000)
 ParOldGen       total 51200K, used 9465K [0x0000000740000000, 0x0000000743200000, 0x0000000795580000)
  object space 51200K, 18% used [0x0000000740000000,0x000000074093e6a0,0x0000000743200000)
 Metaspace       used 20308K, capacity 21162K, committed 21248K, reserved 1067008K
  class space    used 2832K, capacity 3051K, committed 3072K, reserved 1048576K
}

Deoptimization events (10 events):
Event: 2.068 Thread 0x00007faa350a6800 Uncommon trap: reason=unstable_if action=reinterpret pc=0x000000010f4ffca0 method=java.lang.CharacterData.of(I)Ljava/lang/CharacterData; @ 4
Event: 2.363 Thread 0x00007faa350a6800 Uncommon trap: reason=unstable_if action=reinterpret pc=0x000000010f655c30 method=java.util.HashMap.isEmpty()Z @ 4
Event: 2.648 Thread 0x00007faa34a03800 Uncommon trap: reason=unstable_if action=reinterpret pc=0x000000010f567640 method=sun.net.www.ParseUtil.encodePath(Ljava/lang/String;Z)Ljava/lang/String; @ 109
Event: 2.750 Thread 0x00007faa350a6800 Uncommon trap: reason=unstable_if action=reinterpret pc=0x000000010f6f142c method=com.sun.javafx.css.SimpleSelector.stateMatches(Ljavafx/css/Styleable;Ljava/util/Set;)Z @ 1
Event: 5.115 Thread 0x00007faa350a6800 Uncommon trap: reason=unstable_if action=reinterpret pc=0x000000010f672ab4 method=jdk.internal.org.objectweb.asm.Type.getArgumentsAndReturnSizes(Ljava/lang/String;)I @ 47
Event: 6.237 Thread 0x00007faa350a6800 Uncommon trap: reason=unstable_if action=reinterpret pc=0x000000010f521208 method=java.lang.AbstractStringBuilder.append(Ljava/lang/String;)Ljava/lang/AbstractStringBuilder; @ 1
Event: 6.238 Thread 0x00007faa350a6800 Uncommon trap: reason=unstable_if action=reinterpret pc=0x000000010f4e53d4 method=java.lang.AbstractStringBuilder.append(Ljava/lang/String;)Ljava/lang/AbstractStringBuilder; @ 1
Event: 36.207 Thread 0x00007faa350a6800 Uncommon trap: reason=bimorphic action=maybe_recompile pc=0x000000010fb48c1c method=com.sun.javafx.event.EventHandlerManager.dispatchCapturingEvent(Ljavafx/event/Event;)Ljavafx/event/Event; @ 1
Event: 36.207 Thread 0x00007faa350a6800 Uncommon trap: reason=bimorphic action=maybe_recompile pc=0x000000010fb48c1c method=com.sun.javafx.event.EventHandlerManager.dispatchCapturingEvent(Ljavafx/event/Event;)Ljavafx/event/Event; @ 1
Event: 36.210 Thread 0x00007faa350a6800 Uncommon trap: reason=bimorphic action=maybe_recompile pc=0x000000010fb48c1c method=com.sun.javafx.event.EventHandlerManager.dispatchCapturingEvent(Ljavafx/event/Event;)Ljavafx/event/Event; @ 1

Internal exceptions (10 events):
Event: 6.305 Thread 0x00007faa3500c800 Exception <a 'java/lang/NullPointerException'> (0x000000079560dbc8) thrown at [/Users/java_re/workspace/8-2-build-macosx-x86_64/jdk8u121/8372/hotspot/src/share/vm/interpreter/linkResolver.cpp, line 1178]
Event: 11.325 Thread 0x00007faa350a6800 Exception <a 'java/lang/ArrayIndexOutOfBoundsException': 12> (0x00000007958d9538) thrown at [/Users/java_re/workspace/8-2-build-macosx-x86_64/jdk8u121/8372/hotspot/src/share/vm/interpreter/interpreterRuntime.cpp, line 366]
Event: 11.325 Thread 0x00007faa350a6800 Exception <a 'java/lang/ArrayIndexOutOfBoundsException': 12> (0x00000007958d9c50) thrown at [/Users/java_re/workspace/8-2-build-macosx-x86_64/jdk8u121/8372/hotspot/src/share/vm/interpreter/interpreterRuntime.cpp, line 366]
Event: 11.325 Thread 0x00007faa350a6800 Exception <a 'java/lang/ArrayIndexOutOfBoundsException': 12> (0x00000007958da400) thrown at [/Users/java_re/workspace/8-2-build-macosx-x86_64/jdk8u121/8372/hotspot/src/share/vm/interpreter/interpreterRuntime.cpp, line 366]
Event: 11.325 Thread 0x00007faa350a6800 Exception <a 'java/lang/ArrayIndexOutOfBoundsException': 12> (0x00000007958dabb0) thrown at [/Users/java_re/workspace/8-2-build-macosx-x86_64/jdk8u121/8372/hotspot/src/share/vm/interpreter/interpreterRuntime.cpp, line 366]
Event: 11.325 Thread 0x00007faa350a6800 Exception <a 'java/lang/ArrayIndexOutOfBoundsException': 12> (0x00000007958db350) thrown at [/Users/java_re/workspace/8-2-build-macosx-x86_64/jdk8u121/8372/hotspot/src/share/vm/interpreter/interpreterRuntime.cpp, line 366]
Event: 11.325 Thread 0x00007faa350a6800 Exception <a 'java/lang/ArrayIndexOutOfBoundsException': 12> (0x00000007958dbb10) thrown at [/Users/java_re/workspace/8-2-build-macosx-x86_64/jdk8u121/8372/hotspot/src/share/vm/interpreter/interpreterRuntime.cpp, line 366]
Event: 11.325 Thread 0x00007faa350a6800 Exception <a 'java/lang/ArrayIndexOutOfBoundsException': 12> (0x00000007958dc2b0) thrown at [/Users/java_re/workspace/8-2-build-macosx-x86_64/jdk8u121/8372/hotspot/src/share/vm/interpreter/interpreterRuntime.cpp, line 366]
Event: 11.325 Thread 0x00007faa350a6800 Exception <a 'java/lang/ArrayIndexOutOfBoundsException': 12> (0x00000007958dca40) thrown at [/Users/java_re/workspace/8-2-build-macosx-x86_64/jdk8u121/8372/hotspot/src/share/vm/interpreter/interpreterRuntime.cpp, line 366]
Event: 11.325 Thread 0x00007faa350a6800 Exception <a 'java/lang/ArrayIndexOutOfBoundsException': 8> (0x00000007958dd910) thrown at [/Users/java_re/workspace/8-2-build-macosx-x86_64/jdk8u121/8372/hotspot/src/share/vm/interpreter/interpreterRuntime.cpp, line 366]

Events (10 events):
Event: 36.222 loading class javafx/application/Application done
Event: 36.243 loading class com/sun/javafx/tk/quantum/QuantumRenderer
Event: 36.243 loading class com/sun/javafx/tk/quantum/QuantumRenderer done
Event: 36.244 loading class com/sun/javafx/tk/quantum/QuantumToolkit
Event: 36.244 loading class com/sun/javafx/tk/quantum/QuantumToolkit done
Event: 36.244 Thread 0x00007faa34a03800 Thread exited: 0x00007faa34a03800
Event: 36.244 Thread 0x00007faa35097000 Thread exited: 0x00007faa35097000
Event: 36.244 Thread 0x00007faa34004800 Thread exited: 0x00007faa34004800
Event: 36.244 Thread 0x00007faa350a6800 Thread exited: 0x00007faa350a6800
Event: 36.244 Thread 0x00007faa33915000 Thread added: 0x00007faa33915000


Dynamic libraries:
0x0000000017369000 	/System/Library/Frameworks/Cocoa.framework/Versions/A/Cocoa
0x0000000017369000 	/System/Library/Frameworks/Security.framework/Versions/A/Security
0x0000000017369000 	/System/Library/Frameworks/ApplicationServices.framework/Versions/A/ApplicationServices
0x0000000017369000 	/usr/lib/libz.1.dylib
0x0000000017369000 	/usr/lib/libSystem.B.dylib
0x0000000017369000 	/usr/lib/libobjc.A.dylib
0x0000000017369000 	/System/Library/Frameworks/CoreFoundation.framework/Versions/A/CoreFoundation
0x0000000017369000 	/System/Library/Frameworks/Foundation.framework/Versions/C/Foundation
0x0000000017369000 	/System/Library/Frameworks/AppKit.framework/Versions/C/AppKit
0x0000000017369000 	/System/Library/Frameworks/CoreData.framework/Versions/A/CoreData
0x0000000017369000 	/System/Library/PrivateFrameworks/RemoteViewServices.framework/Versions/A/RemoteViewServices
0x0000000017369000 	/System/Library/PrivateFrameworks/UIFoundation.framework/Versions/A/UIFoundation
0x0000000017369000 	/usr/lib/libenergytrace.dylib
0x0000000017369000 	/System/Library/PrivateFrameworks/SkyLight.framework/Versions/A/SkyLight
0x0000000017369000 	/System/Library/Frameworks/CoreGraphics.framework/Versions/A/CoreGraphics
0x0000000017369000 	/usr/lib/libScreenReader.dylib
0x0000000017369000 	/System/Library/Frameworks/Accelerate.framework/Versions/A/Accelerate
0x0000000017369000 	/System/Library/Frameworks/IOSurface.framework/Versions/A/IOSurface
0x0000000017369000 	/System/Library/Frameworks/AudioToolbox.framework/Versions/A/AudioToolbox
0x0000000017369000 	/System/Library/Frameworks/AudioUnit.framework/Versions/A/AudioUnit
0x0000000017369000 	/System/Library/PrivateFrameworks/DataDetectorsCore.framework/Versions/A/DataDetectorsCore
0x0000000017369000 	/System/Library/PrivateFrameworks/DesktopServicesPriv.framework/Versions/A/DesktopServicesPriv
0x0000000017369000 	/System/Library/Frameworks/Carbon.framework/Versions/A/Frameworks/HIToolbox.framework/Versions/A/HIToolbox
0x0000000017369000 	/usr/lib/libicucore.A.dylib
0x0000000017369000 	/System/Library/Frameworks/QuartzCore.framework/Versions/A/QuartzCore
0x0000000017369000 	/System/Library/Frameworks/Carbon.framework/Versions/A/Frameworks/SpeechRecognition.framework/Versions/A/SpeechRecognition
0x0000000017369000 	/usr/lib/libauto.dylib
0x0000000017369000 	/usr/lib/libxml2.2.dylib
0x0000000017369000 	/System/Library/PrivateFrameworks/CoreUI.framework/Versions/A/CoreUI
0x0000000017369000 	/System/Library/Frameworks/CoreAudio.framework/Versions/A/CoreAudio
0x0000000017369000 	/System/Library/Frameworks/DiskArbitration.framework/Versions/A/DiskArbitration
0x0000000017369000 	/usr/lib/liblangid.dylib
0x0000000017369000 	/System/Library/PrivateFrameworks/MultitouchSupport.framework/Versions/A/MultitouchSupport
0x0000000017369000 	/System/Library/Frameworks/IOKit.framework/Versions/A/IOKit
0x0000000017369000 	/usr/lib/libDiagnosticMessagesClient.dylib
0x0000000017369000 	/System/Library/Frameworks/CoreServices.framework/Versions/A/CoreServices
0x0000000017369000 	/System/Library/PrivateFrameworks/PerformanceAnalysis.framework/Versions/A/PerformanceAnalysis
0x0000000017369000 	/System/Library/PrivateFrameworks/GenerationalStorage.framework/Versions/A/GenerationalStorage
0x0000000017369000 	/System/Library/Frameworks/OpenGL.framework/Versions/A/OpenGL
0x0000000017369000 	/System/Library/Frameworks/CoreImage.framework/Versions/A/CoreImage
0x0000000017369000 	/System/Library/Frameworks/CoreText.framework/Versions/A/CoreText
0x0000000017369000 	/System/Library/Frameworks/ImageIO.framework/Versions/A/ImageIO
0x0000000017369000 	/System/Library/PrivateFrameworks/Backup.framework/Versions/A/Backup
0x0000000017369000 	/usr/lib/libarchive.2.dylib
0x0000000017369000 	/System/Library/Frameworks/CFNetwork.framework/Versions/A/CFNetwork
0x0000000017369000 	/System/Library/Frameworks/SystemConfiguration.framework/Versions/A/SystemConfiguration
0x0000000017369000 	/usr/lib/libCRFSuite.dylib
0x0000000017369000 	/usr/lib/libc++.1.dylib
0x0000000017369000 	/usr/lib/libc++abi.dylib
0x0000000017369000 	/usr/lib/system/libcache.dylib
0x0000000017369000 	/usr/lib/system/libcommonCrypto.dylib
0x0000000017369000 	/usr/lib/system/libcompiler_rt.dylib
0x0000000017369000 	/usr/lib/system/libcopyfile.dylib
0x0000000017369000 	/usr/lib/system/libcorecrypto.dylib
0x0000000017369000 	/usr/lib/system/libdispatch.dylib
0x0000000017369000 	/usr/lib/system/libdyld.dylib
0x0000000017369000 	/usr/lib/system/libkeymgr.dylib
0x0000000017369000 	/usr/lib/system/liblaunch.dylib
0x0000000017369000 	/usr/lib/system/libmacho.dylib
0x0000000017369000 	/usr/lib/system/libquarantine.dylib
0x0000000017369000 	/usr/lib/system/libremovefile.dylib
0x0000000017369000 	/usr/lib/system/libsystem_asl.dylib
0x0000000017369000 	/usr/lib/system/libsystem_blocks.dylib
0x0000000017369000 	/usr/lib/system/libsystem_c.dylib
0x0000000017369000 	/usr/lib/system/libsystem_configuration.dylib
0x0000000017369000 	/usr/lib/system/libsystem_coreservices.dylib
0x0000000017369000 	/usr/lib/system/libsystem_coretls.dylib
0x0000000017369000 	/usr/lib/system/libsystem_dnssd.dylib
0x0000000017369000 	/usr/lib/system/libsystem_info.dylib
0x0000000017369000 	/usr/lib/system/libsystem_kernel.dylib
0x0000000017369000 	/usr/lib/system/libsystem_m.dylib
0x0000000017369000 	/usr/lib/system/libsystem_malloc.dylib
0x0000000017369000 	/usr/lib/system/libsystem_network.dylib
0x0000000017369000 	/usr/lib/system/libsystem_networkextension.dylib
0x0000000017369000 	/usr/lib/system/libsystem_notify.dylib
0x0000000017369000 	/usr/lib/system/libsystem_platform.dylib
0x0000000017369000 	/usr/lib/system/libsystem_pthread.dylib
0x0000000017369000 	/usr/lib/system/libsystem_sandbox.dylib
0x0000000017369000 	/usr/lib/system/libsystem_secinit.dylib
0x0000000017369000 	/usr/lib/system/libsystem_symptoms.dylib
0x0000000017369000 	/usr/lib/system/libsystem_trace.dylib
0x0000000017369000 	/usr/lib/system/libunwind.dylib
0x0000000017369000 	/usr/lib/system/libxpc.dylib
0x0000000017369000 	/usr/lib/libbsm.0.dylib
0x0000000017369000 	/usr/lib/system/libkxld.dylib
0x0000000017369000 	/usr/lib/libcoretls.dylib
0x0000000017369000 	/usr/lib/libcoretls_cfhelpers.dylib
0x0000000017369000 	/usr/lib/libxar.1.dylib
0x0000000017369000 	/usr/lib/libsqlite3.dylib
0x0000000017369000 	/usr/lib/libpam.2.dylib
0x0000000017369000 	/usr/lib/libOpenScriptingUtil.dylib
0x0000000017369000 	/usr/lib/libbz2.1.0.dylib
0x0000000017369000 	/usr/lib/liblzma.5.dylib
0x0000000017369000 	/usr/lib/libnetwork.dylib
0x0000000017369000 	/usr/lib/libpcap.A.dylib
0x0000000017369000 	/System/Library/Frameworks/CoreServices.framework/Versions/A/Frameworks/FSEvents.framework/Versions/A/FSEvents
0x0000000017369000 	/System/Library/Frameworks/CoreServices.framework/Versions/A/Frameworks/CarbonCore.framework/Versions/A/CarbonCore
0x0000000017369000 	/System/Library/Frameworks/CoreServices.framework/Versions/A/Frameworks/Metadata.framework/Versions/A/Metadata
0x0000000017369000 	/System/Library/Frameworks/CoreServices.framework/Versions/A/Frameworks/OSServices.framework/Versions/A/OSServices
0x0000000017369000 	/System/Library/Frameworks/CoreServices.framework/Versions/A/Frameworks/SearchKit.framework/Versions/A/SearchKit
0x0000000017369000 	/System/Library/Frameworks/CoreServices.framework/Versions/A/Frameworks/AE.framework/Versions/A/AE
0x0000000017369000 	/System/Library/Frameworks/CoreServices.framework/Versions/A/Frameworks/LaunchServices.framework/Versions/A/LaunchServices
0x0000000017369000 	/System/Library/Frameworks/CoreServices.framework/Versions/A/Frameworks/DictionaryServices.framework/Versions/A/DictionaryServices
0x0000000017369000 	/System/Library/Frameworks/CoreServices.framework/Versions/A/Frameworks/SharedFileList.framework/Versions/A/SharedFileList
0x0000000017369000 	/System/Library/Frameworks/NetFS.framework/Versions/A/NetFS
0x0000000017369000 	/System/Library/PrivateFrameworks/NetAuth.framework/Versions/A/NetAuth
0x0000000017369000 	/System/Library/PrivateFrameworks/login.framework/Versions/A/Frameworks/loginsupport.framework/Versions/A/loginsupport
0x0000000017369000 	/System/Library/PrivateFrameworks/TCC.framework/Versions/A/TCC
0x0000000017369000 	/usr/lib/libmecabra.dylib
0x0000000017369000 	/System/Library/Frameworks/ApplicationServices.framework/Versions/A/Frameworks/ATS.framework/Versions/A/ATS
0x0000000017369000 	/System/Library/Frameworks/ApplicationServices.framework/Versions/A/Frameworks/ColorSync.framework/Versions/A/ColorSync
0x0000000017369000 	/System/Library/Frameworks/ApplicationServices.framework/Versions/A/Frameworks/HIServices.framework/Versions/A/HIServices
0x0000000017369000 	/System/Library/Frameworks/ApplicationServices.framework/Versions/A/Frameworks/LangAnalysis.framework/Versions/A/LangAnalysis
0x0000000017369000 	/System/Library/Frameworks/ApplicationServices.framework/Versions/A/Frameworks/PrintCore.framework/Versions/A/PrintCore
0x0000000017369000 	/System/Library/Frameworks/ApplicationServices.framework/Versions/A/Frameworks/QD.framework/Versions/A/QD
0x0000000017369000 	/System/Library/Frameworks/ApplicationServices.framework/Versions/A/Frameworks/SpeechSynthesis.framework/Versions/A/SpeechSynthesis
0x0000000017369000 	/System/Library/Frameworks/Accelerate.framework/Versions/A/Frameworks/vImage.framework/Versions/A/vImage
0x0000000017369000 	/System/Library/Frameworks/Accelerate.framework/Versions/A/Frameworks/vecLib.framework/Versions/A/vecLib
0x0000000017369000 	/System/Library/Frameworks/Accelerate.framework/Versions/A/Frameworks/vecLib.framework/Versions/A/libvDSP.dylib
0x0000000017369000 	/System/Library/Frameworks/Accelerate.framework/Versions/A/Frameworks/vecLib.framework/Versions/A/libBNNS.dylib
0x0000000017369000 	/System/Library/Frameworks/Accelerate.framework/Versions/A/Frameworks/vecLib.framework/Versions/A/libQuadrature.dylib
0x0000000017369000 	/System/Library/Frameworks/Accelerate.framework/Versions/A/Frameworks/vecLib.framework/Versions/A/libvMisc.dylib
0x0000000017369000 	/System/Library/Frameworks/Accelerate.framework/Versions/A/Frameworks/vecLib.framework/Versions/A/libLAPACK.dylib
0x0000000017369000 	/System/Library/Frameworks/Accelerate.framework/Versions/A/Frameworks/vecLib.framework/Versions/A/libBLAS.dylib
0x0000000017369000 	/System/Library/Frameworks/Accelerate.framework/Versions/A/Frameworks/vecLib.framework/Versions/A/libLinearAlgebra.dylib
0x0000000017369000 	/System/Library/Frameworks/Accelerate.framework/Versions/A/Frameworks/vecLib.framework/Versions/A/libSparseBLAS.dylib
0x0000000017369000 	/System/Library/Frameworks/ApplicationServices.framework/Versions/A/Frameworks/ATS.framework/Versions/A/Resources/libFontParser.dylib
0x0000000017369000 	/System/Library/Frameworks/ApplicationServices.framework/Versions/A/Frameworks/ATS.framework/Versions/A/Resources/libFontRegistry.dylib
0x0000000017369000 	/System/Library/Frameworks/ImageIO.framework/Versions/A/Resources/libJPEG.dylib
0x0000000017369000 	/System/Library/Frameworks/ImageIO.framework/Versions/A/Resources/libTIFF.dylib
0x0000000017369000 	/System/Library/Frameworks/ImageIO.framework/Versions/A/Resources/libPng.dylib
0x0000000017369000 	/System/Library/Frameworks/ImageIO.framework/Versions/A/Resources/libGIF.dylib
0x0000000017369000 	/System/Library/Frameworks/ImageIO.framework/Versions/A/Resources/libJP2.dylib
0x0000000017369000 	/System/Library/Frameworks/ImageIO.framework/Versions/A/Resources/libRadiance.dylib
0x0000000017369000 	/usr/lib/libcompression.dylib
0x0000000017369000 	/System/Library/PrivateFrameworks/AppleJPEG.framework/Versions/A/AppleJPEG
0x0000000017369000 	/usr/lib/libcups.2.dylib
0x0000000017369000 	/System/Library/Frameworks/Kerberos.framework/Versions/A/Kerberos
0x0000000017369000 	/System/Library/Frameworks/GSS.framework/Versions/A/GSS
0x0000000017369000 	/usr/lib/libresolv.9.dylib
0x0000000017369000 	/usr/lib/libiconv.2.dylib
0x0000000017369000 	/System/Library/PrivateFrameworks/Heimdal.framework/Versions/A/Heimdal
0x0000000017369000 	/usr/lib/libheimdal-asn1.dylib
0x0000000017369000 	/System/Library/Frameworks/OpenDirectory.framework/Versions/A/OpenDirectory
0x0000000017369000 	/System/Library/PrivateFrameworks/CommonAuth.framework/Versions/A/CommonAuth
0x0000000017369000 	/System/Library/Frameworks/OpenDirectory.framework/Versions/A/Frameworks/CFOpenDirectory.framework/Versions/A/CFOpenDirectory
0x0000000017369000 	/System/Library/Frameworks/SecurityFoundation.framework/Versions/A/SecurityFoundation
0x0000000017369000 	/System/Library/PrivateFrameworks/LanguageModeling.framework/Versions/A/LanguageModeling
0x0000000017369000 	/usr/lib/libmarisa.dylib
0x0000000017369000 	/usr/lib/libChineseTokenizer.dylib
0x0000000017369000 	/usr/lib/libcmph.dylib
0x0000000017369000 	/System/Library/PrivateFrameworks/CoreEmoji.framework/Versions/A/CoreEmoji
0x0000000017369000 	/System/Library/Frameworks/ServiceManagement.framework/Versions/A/ServiceManagement
0x0000000017369000 	/usr/lib/libxslt.1.dylib
0x0000000017369000 	/System/Library/Frameworks/Carbon.framework/Versions/A/Frameworks/Ink.framework/Versions/A/Ink
0x0000000017369000 	/System/Library/PrivateFrameworks/TextureIO.framework/Versions/A/TextureIO
0x0000000017369000 	/System/Library/Frameworks/Metal.framework/Versions/A/Metal
0x0000000017369000 	/usr/lib/libate.dylib
0x0000000017369000 	/System/Library/PrivateFrameworks/GPUCompiler.framework/libmetal_timestamp.dylib
0x0000000017369000 	/System/Library/Frameworks/OpenGL.framework/Versions/A/Libraries/libCoreFSCache.dylib
0x0000000017369000 	/System/Library/PrivateFrameworks/IOAccelerator.framework/Versions/A/IOAccelerator
0x0000000017369000 	/System/Library/Frameworks/CoreVideo.framework/Versions/A/CoreVideo
0x0000000017369000 	/usr/lib/libFosl_dynamic.dylib
0x0000000017369000 	/System/Library/PrivateFrameworks/MetalPerformanceShaders.framework/Versions/A/MetalPerformanceShaders
0x0000000017369000 	/System/Library/PrivateFrameworks/FaceCore.framework/Versions/A/FaceCore
0x0000000017369000 	/System/Library/Frameworks/OpenCL.framework/Versions/A/OpenCL
0x0000000017369000 	/System/Library/Frameworks/OpenGL.framework/Versions/A/Libraries/libGLU.dylib
0x0000000017369000 	/System/Library/Frameworks/OpenGL.framework/Versions/A/Libraries/libGFXShared.dylib
0x0000000017369000 	/System/Library/Frameworks/OpenGL.framework/Versions/A/Libraries/libGL.dylib
0x0000000017369000 	/System/Library/Frameworks/OpenGL.framework/Versions/A/Libraries/libGLImage.dylib
0x0000000017369000 	/System/Library/Frameworks/OpenGL.framework/Versions/A/Libraries/libCVMSPluginSupport.dylib
0x0000000017369000 	/System/Library/Frameworks/OpenGL.framework/Versions/A/Libraries/libCoreVMClient.dylib
0x0000000017369000 	/System/Library/PrivateFrameworks/CrashReporterSupport.framework/Versions/A/CrashReporterSupport
0x0000000017369000 	/System/Library/PrivateFrameworks/Sharing.framework/Versions/A/Sharing
0x0000000017369000 	/System/Library/PrivateFrameworks/IconServices.framework/Versions/A/IconServices
0x0000000017369000 	/System/Library/PrivateFrameworks/ProtocolBuffer.framework/Versions/A/ProtocolBuffer
0x0000000017369000 	/System/Library/PrivateFrameworks/Apple80211.framework/Versions/A/Apple80211
0x0000000017369000 	/System/Library/Frameworks/CoreWLAN.framework/Versions/A/CoreWLAN
0x0000000017369000 	/System/Library/PrivateFrameworks/CoreUtils.framework/Versions/A/CoreUtils
0x0000000017369000 	/System/Library/Frameworks/IOBluetooth.framework/Versions/A/IOBluetooth
0x0000000017369000 	/System/Library/PrivateFrameworks/CoreWiFi.framework/Versions/A/CoreWiFi
0x0000000017369000 	/System/Library/Frameworks/CoreBluetooth.framework/Versions/A/CoreBluetooth
0x0000000017369000 	/System/Library/Frameworks/CoreDisplay.framework/Versions/A/CoreDisplay
0x0000000017369000 	/System/Library/PrivateFrameworks/IOPresentment.framework/Versions/A/IOPresentment
0x0000000017369000 	/System/Library/PrivateFrameworks/DebugSymbols.framework/Versions/A/DebugSymbols
0x0000000017369000 	/System/Library/PrivateFrameworks/CoreSymbolication.framework/Versions/A/CoreSymbolication
0x0000000017369000 	/System/Library/PrivateFrameworks/Symbolication.framework/Versions/A/Symbolication
0x0000000017369000 	/System/Library/PrivateFrameworks/AppleFSCompression.framework/Versions/A/AppleFSCompression
0x0000000017369000 	/System/Library/PrivateFrameworks/SpeechRecognitionCore.framework/Versions/A/SpeechRecognitionCore
0x0000000017369000 	/System/Library/PrivateFrameworks/ChunkingLibrary.framework/Versions/A/ChunkingLibrary
0x0000000105400000 	/Library/Java/JavaVirtualMachines/jdk1.8.0_121.jdk/Contents/Home/jre/lib/server/libjvm.dylib
0x0000000017369000 	/usr/lib/libstdc++.6.dylib
0x00000001063a2000 	/Library/Java/JavaVirtualMachines/jdk1.8.0_121.jdk/Contents/Home/jre/lib/libverify.dylib
0x00000001063b0000 	/Library/Java/JavaVirtualMachines/jdk1.8.0_121.jdk/Contents/Home/jre/lib/libjava.dylib
0x00000001063ed000 	/Library/Java/JavaVirtualMachines/jdk1.8.0_121.jdk/Contents/Home/jre/lib/libzip.dylib
0x000000010cd59000 	/System/Library/Frameworks/JavaVM.framework/Frameworks/JavaRuntimeSupport.framework/JavaRuntimeSupport
0x000000010cd73000 	/System/Library/Frameworks/JavaVM.framework/Versions/A/Frameworks/JavaNativeFoundation.framework/Versions/A/JavaNativeFoundation
0x000000010cd88000 	/System/Library/Frameworks/JavaVM.framework/Versions/A/JavaVM
0x0000000017369000 	/System/Library/Frameworks/Carbon.framework/Versions/A/Carbon
0x000000010cd95000 	/System/Library/PrivateFrameworks/JavaLaunching.framework/Versions/A/JavaLaunching
0x0000000017369000 	/System/Library/Frameworks/Carbon.framework/Versions/A/Frameworks/CommonPanels.framework/Versions/A/CommonPanels
0x0000000017369000 	/System/Library/Frameworks/Carbon.framework/Versions/A/Frameworks/Help.framework/Versions/A/Help
0x0000000017369000 	/System/Library/Frameworks/Carbon.framework/Versions/A/Frameworks/ImageCapture.framework/Versions/A/ImageCapture
0x0000000017369000 	/System/Library/Frameworks/Carbon.framework/Versions/A/Frameworks/OpenScripting.framework/Versions/A/OpenScripting
0x0000000017369000 	/System/Library/Frameworks/Carbon.framework/Versions/A/Frameworks/Print.framework/Versions/A/Print
0x0000000017369000 	/System/Library/Frameworks/Carbon.framework/Versions/A/Frameworks/SecurityHI.framework/Versions/A/SecurityHI
0x000000010e7c5000 	/Applications/IntelliJ IDEA CE.app/Contents/bin/libbreakgen64.jnilib
0x000000010e7c8000 	/Library/Java/JavaVirtualMachines/jdk1.8.0_121.jdk/Contents/Home/jre/lib/libnet.dylib
0x000000010e8bd000 	/Library/Java/JavaVirtualMachines/jdk1.8.0_121.jdk/Contents/Home/jre/lib/libprism_es2.dylib
0x0000000017369000 	/System/Library/Frameworks/OpenGL.framework/Versions/A/Resources/GLEngine.bundle/GLEngine
0x0000000017369000 	/System/Library/Frameworks/OpenGL.framework/Versions/A/Libraries/libGLProgrammability.dylib
0x000000010e923000 	/System/Library/Extensions/AppleIntelHD5000GraphicsGLDriver.bundle/Contents/MacOS/AppleIntelHD5000GraphicsGLDriver
0x0000000017369000 	/System/Library/PrivateFrameworks/GPUSupport.framework/Versions/A/Libraries/libGPUSupportMercury.dylib
0x0000000017369000 	/System/Library/Frameworks/OpenGL.framework/Versions/A/Resources/GLRendererFloat.bundle/GLRendererFloat
0x0000000017369000 	/System/Library/Frameworks/OpenCL.framework/Versions/A/Libraries/libcldcpuengine.dylib
0x0000000017369000 	/usr/lib/libcrypto.0.9.8.dylib
0x0000000017369000 	/System/Library/PrivateFrameworks/TrustEvaluationAgent.framework/Versions/A/TrustEvaluationAgent
0x000000011e57d000 	/Library/Java/JavaVirtualMachines/jdk1.8.0_121.jdk/Contents/Home/jre/lib/libglass.dylib
0x0000000017369000 	/System/Library/PrivateFrameworks/CoreServicesInternal.framework/Versions/A/CoreServicesInternal
0x0000000017369000 	/System/Library/CoreServices/RawCamera.bundle/Contents/MacOS/RawCamera
0x0000000017369000 	/System/Library/Frameworks/Accelerate.framework/Versions/A/Frameworks/vImage.framework/Versions/A/Libraries/libCGInterfaces.dylib
0x0000000017369000 	/System/Library/PrivateFrameworks/FamilyControls.framework/Versions/A/FamilyControls
0x0000000017369000 	/System/Library/PrivateFrameworks/CommerceKit.framework/Versions/A/Frameworks/CommerceCore.framework/Versions/A/CommerceCore
0x0000000017369000 	/System/Library/PrivateFrameworks/SystemAdministration.framework/Versions/A/SystemAdministration
0x0000000017369000 	/System/Library/PrivateFrameworks/AppContainer.framework/Versions/A/AppContainer
0x0000000017369000 	/System/Library/PrivateFrameworks/SecCodeWrapper.framework/Versions/A/SecCodeWrapper
0x0000000017369000 	/System/Library/Frameworks/DirectoryService.framework/Versions/A/DirectoryService
0x0000000017369000 	/System/Library/PrivateFrameworks/DiskImages.framework/Versions/A/DiskImages
0x0000000017369000 	/System/Library/PrivateFrameworks/LoginUIKit.framework/Versions/A/Frameworks/LoginUICore.framework/Versions/A/LoginUICore
0x0000000017369000 	/usr/lib/libCoreStorage.dylib
0x0000000017369000 	/usr/lib/libcsfde.dylib
0x0000000017369000 	/usr/lib/libodfde.dylib
0x0000000017369000 	/System/Library/Frameworks/DiscRecording.framework/Versions/A/DiscRecording
0x0000000017369000 	/usr/lib/libcurl.4.dylib
0x0000000017369000 	/System/Library/PrivateFrameworks/MediaKit.framework/Versions/A/MediaKit
0x0000000017369000 	/System/Library/PrivateFrameworks/ProtectedCloudStorage.framework/Versions/A/ProtectedCloudStorage
0x0000000017369000 	/System/Library/PrivateFrameworks/EFILogin.framework/Versions/A/EFILogin
0x0000000017369000 	/usr/lib/libutil.dylib
0x0000000017369000 	/System/Library/Frameworks/LDAP.framework/Versions/A/LDAP
0x0000000017369000 	/usr/lib/libsasl2.2.dylib
0x0000000017369000 	/System/Library/PrivateFrameworks/CoreDaemon.framework/Versions/B/CoreDaemon
0x0000000017369000 	/System/Library/PrivateFrameworks/AppleSRP.framework/Versions/A/AppleSRP
0x0000000017369000 	/System/Library/PrivateFrameworks/APFS.framework/Versions/A/APFS
0x000000011e6f5000 	/Library/Java/JavaVirtualMachines/jdk1.8.0_121.jdk/Contents/Home/jre/lib/libjavafx_font.dylib
0x0000000017369000 	/System/Library/Frameworks/ApplicationServices.framework/Versions/A/Frameworks/ATS.framework/Versions/A/Resources/libTrueTypeScaler.dylib
0x0000000125c37000 	/System/Library/Extensions/AppleIntelHD5000GraphicsMTLDriver.bundle/Contents/MacOS/AppleIntelHD5000GraphicsMTLDriver
0x0000000125d3a000 	/Library/Java/JavaVirtualMachines/jdk1.8.0_121.jdk/Contents/Home/jre/lib/libprism_common.dylib
0x0000000017369000 	/System/Library/PrivateFrameworks/ViewBridge.framework/Versions/A/ViewBridge
0x0000000017369000 	/System/Library/PrivateFrameworks/XPCService.framework/Versions/A/XPCService
0x0000000017369000 	/System/Library/PrivateFrameworks/AppSandbox.framework/Versions/A/AppSandbox
0x0000000017369000 	/usr/lib/libsandbox.1.dylib
0x0000000017369000 	/usr/lib/libMatch.1.dylib
0x0000000017369000 	/System/Library/PrivateFrameworks/FinderKit.framework/Versions/A/FinderKit
0x0000000017369000 	/System/Library/Frameworks/Quartz.framework/Versions/A/Frameworks/QuickLookUI.framework/Versions/A/QuickLookUI
0x0000000017369000 	/System/Library/Frameworks/Quartz.framework/Versions/A/Frameworks/ImageKit.framework/Versions/A/ImageKit
0x0000000017369000 	/System/Library/PrivateFrameworks/Bom.framework/Versions/A/Bom
0x0000000017369000 	/System/Library/Frameworks/QuickLook.framework/Versions/A/QuickLook
0x0000000017369000 	/System/Library/PrivateFrameworks/Suggestions.framework/Versions/A/Suggestions
0x0000000017369000 	/System/Library/PrivateFrameworks/AppleSystemInfo.framework/Versions/A/AppleSystemInfo
0x0000000017369000 	/System/Library/Frameworks/ImageCaptureCore.framework/Versions/A/ImageCaptureCore
0x0000000017369000 	/System/Library/Frameworks/SafariServices.framework/Versions/A/SafariServices
0x0000000017369000 	/System/Library/Frameworks/QTKit.framework/Versions/A/QTKit
0x0000000017369000 	/System/Library/PrivateFrameworks/MobileKeyBag.framework/Versions/A/MobileKeyBag
0x0000000017369000 	/System/Library/Frameworks/AVFoundation.framework/Versions/A/AVFoundation
0x0000000017369000 	/System/Library/Frameworks/CoreMedia.framework/Versions/A/CoreMedia
0x0000000017369000 	/System/Library/Frameworks/MediaToolbox.framework/Versions/A/MediaToolbox
0x0000000017369000 	/System/Library/Frameworks/VideoToolbox.framework/Versions/A/VideoToolbox
0x0000000017369000 	/System/Library/PrivateFrameworks/CoreMediaAuthoring.framework/Versions/A/CoreMediaAuthoring
0x0000000017369000 	/System/Library/Frameworks/CoreMediaIO.framework/Versions/A/CoreMediaIO
0x0000000017369000 	/System/Library/Frameworks/AVFoundation.framework/Versions/A/Frameworks/AVFAudio.framework/Versions/A/AVFAudio
0x0000000017369000 	/System/Library/PrivateFrameworks/IntlPreferences.framework/Versions/A/IntlPreferences
0x0000000017369000 	/usr/lib/libspindump.dylib
0x0000000017369000 	/usr/lib/libdscsym.dylib
0x0000000017369000 	/System/Library/PrivateFrameworks/CoreAVCHD.framework/Versions/A/CoreAVCHD
0x0000000017369000 	/System/Library/Frameworks/MediaAccessibility.framework/Versions/A/MediaAccessibility
0x0000000017369000 	/System/Library/PrivateFrameworks/Mangrove.framework/Versions/A/Mangrove
0x0000000017369000 	/System/Library/PrivateFrameworks/CoreAUC.framework/Versions/A/CoreAUC
0x0000000017369000 	/System/Library/PrivateFrameworks/AppleVA.framework/Versions/A/AppleVA
0x0000000017369000 	/System/Library/PrivateFrameworks/QuickLookThumbnailing.framework/Versions/A/QuickLookThumbnailing
0x0000000017369000 	/System/Library/PrivateFrameworks/DisplayServices.framework/Versions/A/DisplayServices
0x0000000017369000 	/System/Library/Frameworks/Quartz.framework/Versions/A/Frameworks/PDFKit.framework/Versions/A/PDFKit
0x0000000017369000 	/System/Library/Frameworks/Quartz.framework/Versions/A/Frameworks/QuartzComposer.framework/Versions/A/QuartzComposer
0x0000000017369000 	/System/Library/Frameworks/Quartz.framework/Versions/A/Frameworks/QuartzFilters.framework/Versions/A/QuartzFilters
0x0000000017369000 	/System/Library/PrivateFrameworks/CorePDF.framework/Versions/A/CorePDF
0x0000000017369000 	/System/Library/Frameworks/JavaScriptCore.framework/Versions/A/JavaScriptCore
0x0000000017369000 	/System/Library/Frameworks/AddressBook.framework/Versions/A/AddressBook
0x0000000017369000 	/System/Library/PrivateFrameworks/ContactsPersistence.framework/Versions/A/ContactsPersistence
0x0000000017369000 	/System/Library/PrivateFrameworks/CalendarAgentLink.framework/Versions/A/CalendarAgentLink
0x0000000017369000 	/System/Library/PrivateFrameworks/ContactsFoundation.framework/Versions/A/ContactsFoundation
0x0000000017369000 	/System/Library/PrivateFrameworks/vCard.framework/Versions/A/vCard
0x0000000017369000 	/System/Library/PrivateFrameworks/ToneLibrary.framework/Versions/A/ToneLibrary
0x0000000017369000 	/System/Library/PrivateFrameworks/ToneKit.framework/Versions/A/ToneKit
0x0000000017369000 	/System/Library/PrivateFrameworks/ApplePushService.framework/Versions/A/ApplePushService
0x0000000017369000 	/System/Library/Frameworks/SecurityInterface.framework/Versions/A/SecurityInterface
0x0000000017369000 	/System/Library/PrivateFrameworks/PhoneNumbers.framework/Versions/A/PhoneNumbers
0x0000000017369000 	/System/Library/Frameworks/Quartz.framework/Versions/A/Quartz
0x0000000017369000 	/System/Library/Frameworks/Accounts.framework/Versions/A/Accounts
0x0000000017369000 	/System/Library/PrivateFrameworks/OAuth.framework/Versions/A/OAuth
0x0000000017369000 	/System/Library/PrivateFrameworks/CacheDelete.framework/Versions/A/CacheDelete
0x0000000017369000 	/System/Library/PrivateFrameworks/CloudDocs.framework/Versions/A/CloudDocs
0x0000000017369000 	/System/Library/Frameworks/CloudKit.framework/Versions/A/CloudKit
0x0000000017369000 	/System/Library/PrivateFrameworks/MMCS.framework/Versions/A/MMCS
0x0000000017369000 	/System/Library/Frameworks/CoreLocation.framework/Versions/A/CoreLocation
0x0000000017369000 	/System/Library/PrivateFrameworks/AssetCacheServices.framework/Versions/A/AssetCacheServices
0x0000000017369000 	/System/Library/PrivateFrameworks/GeoServices.framework/Versions/A/GeoServices
0x0000000017369000 	/System/Library/PrivateFrameworks/PlugInKit.framework/Versions/A/PlugInKit
0x0000000017369000 	/System/Library/PrivateFrameworks/iLifeMediaBrowser.framework/Versions/A/iLifeMediaBrowser
0x0000000017369000 	/System/Library/Frameworks/AVKit.framework/Versions/A/AVKit
0x0000000017369000 	/System/Library/PrivateFrameworks/MediaRemote.framework/Versions/A/MediaRemote
0x0000000017369000 	/System/Library/PrivateFrameworks/MediaServices.framework/Versions/A/MediaServices
0x000000012afb4000 	/System/Library/Frameworks/Security.framework/PlugIns/csparser.bundle/Contents/MacOS/csparser
0x000000012b585000 	/Library/Java/JavaVirtualMachines/jdk1.8.0_121.jdk/Contents/Home/jre/lib/libawt.dylib
0x000000012b62d000 	/Library/Java/JavaVirtualMachines/jdk1.8.0_121.jdk/Contents/Home/jre/lib/./libmlib_image.dylib
0x000000012bc49000 	/Library/Java/JavaVirtualMachines/jdk1.8.0_121.jdk/Contents/Home/jre/lib/libawt_lwawt.dylib
0x000000012b164000 	/Library/Java/JavaVirtualMachines/jdk1.8.0_121.jdk/Contents/Home/jre/lib/./libosxapp.dylib
0x0000000017369000 	/System/Library/Frameworks/ExceptionHandling.framework/Versions/A/ExceptionHandling
0x0000000129f3c000 	/Library/Java/JavaVirtualMachines/jdk1.8.0_121.jdk/Contents/Home/jre/lib/libfontmanager.dylib
0x0000000129fa3000 	/Library/Java/JavaVirtualMachines/jdk1.8.0_121.jdk/Contents/Home/jre/lib/libosxui.dylib
0x000000012a3c3000 	/Library/Java/JavaVirtualMachines/jdk1.8.0_121.jdk/Contents/Home/jre/lib/libnio.dylib

VM Arguments:
jvm_args: -Didea.launcher.port=7542 -Didea.launcher.bin.path=/Applications/IntelliJ IDEA CE.app/Contents/bin -Dfile.encoding=UTF-8 
java_command: com.intellij.rt.execution.application.AppMain controller.Main
java_class_path (initial): /Library/Java/JavaVirtualMachines/jdk1.8.0_121.jdk/Contents/Home/jre/lib/charsets.jar:/Library/Java/JavaVirtualMachines/jdk1.8.0_121.jdk/Contents/Home/jre/lib/deploy.jar:/Library/Java/JavaVirtualMachines/jdk1.8.0_121.jdk/Contents/Home/jre/lib/ext/cldrdata.jar:/Library/Java/JavaVirtualMachines/jdk1.8.0_121.jdk/Contents/Home/jre/lib/ext/dnsns.jar:/Library/Java/JavaVirtualMachines/jdk1.8.0_121.jdk/Contents/Home/jre/lib/ext/jaccess.jar:/Library/Java/JavaVirtualMachines/jdk1.8.0_121.jdk/Contents/Home/jre/lib/ext/jfxrt.jar:/Library/Java/JavaVirtualMachines/jdk1.8.0_121.jdk/Contents/Home/jre/lib/ext/localedata.jar:/Library/Java/JavaVirtualMachines/jdk1.8.0_121.jdk/Contents/Home/jre/lib/ext/nashorn.jar:/Library/Java/JavaVirtualMachines/jdk1.8.0_121.jdk/Contents/Home/jre/lib/ext/sunec.jar:/Library/Java/JavaVirtualMachines/jdk1.8.0_121.jdk/Contents/Home/jre/lib/ext/sunjce_provider.jar:/Library/Java/JavaVirtualMachines/jdk1.8.0_121.jdk/Contents/Home/jre/lib/ext/sunpkcs11.jar:/Library/Java/JavaVirtualMachines/jdk1.8.0_121.jdk/Contents/Home/jre/lib/ext/zipfs.jar:/Library/Java/JavaVirtualMachines/jdk1.8.0_121.jdk/Contents/Home/jre/lib/javaws.jar:/Library/Java/JavaVirtualMachines/jdk1.8.0_121.jdk/Contents/Home/jre/lib/jce.jar:/Library/Java/JavaVirtualMachines/jdk1.8.0_121.jdk/Contents/Home/jre/lib/jfr.jar:/Library/Java/JavaVirtualMachines/jdk1.8.0_121.jdk/Contents/Home/jre/lib/jfxswt.jar:/Library/Java/JavaVirtualMachines/jdk1.8.0_121.jdk/Contents/Home/jre/lib/jsse.jar:/Library/Java/JavaVirtualMachines/jdk1.8.0_121.jdk/Contents/Home/jre/lib/management-agent.jar:/Library/Java/JavaVirtualMachines/jdk1.8.0_121.jdk/Contents/Home/jre/lib/plugin.jar:/Library/Java/JavaVirtualMachines/jdk1.8.0_121.jdk/Contents/Home/jre/lib/resources.jar:/Library/Java/JavaVirtualMachines/jdk1.8.0_121.jdk/Contents/Home/jre/lib/rt.jar:/Library/Java/JavaVirtualMachines/jdk1.8.0_121.jdk/Contents/Home/lib/ant-javafx.jar:/Library/Java/JavaVirtualMachines/jdk1.8.0_121.jdk/Contents/Home
Launcher Type: SUN_STANDARD

Environment Variables:
PATH=/usr/local/bin:/usr/bin:/bin:/usr/sbin:/sbin:/opt/X11/bin
SHELL=/bin/bash
DISPLAY=/private/tmp/com.apple.launchd.ctMgbHZBYp/org.macosforge.xquartz:0

Signal Handlers:
SIGSEGV: [libjvm.dylib+0x5b1141], sa_mask[0]=11111111011111110111111111111111, sa_flags=SA_ONSTACK|SA_RESTART|SA_SIGINFO
SIGBUS: [libjvm.dylib+0x5b1141], sa_mask[0]=11111111011111110111111111111111, sa_flags=SA_RESTART|SA_SIGINFO
SIGFPE: [libjvm.dylib+0x487bc4], sa_mask[0]=11111111011111110111111111111111, sa_flags=SA_RESTART|SA_SIGINFO
SIGPIPE: [libjvm.dylib+0x487bc4], sa_mask[0]=11111111011111110111111111111111, sa_flags=SA_RESTART|SA_SIGINFO
SIGXFSZ: [libjvm.dylib+0x487bc4], sa_mask[0]=11111111011111110111111111111111, sa_flags=SA_RESTART|SA_SIGINFO
SIGILL: [libjvm.dylib+0x487bc4], sa_mask[0]=11111111011111110111111111111111, sa_flags=SA_RESTART|SA_SIGINFO
SIGUSR1: SIG_DFL, sa_mask[0]=00000000000000000000000000000000, sa_flags=none
SIGUSR2: [libjvm.dylib+0x4876e2], sa_mask[0]=00100000000000000000000000000000, sa_flags=SA_RESTART|SA_SIGINFO
SIGHUP: [libjvm.dylib+0x485cb9], sa_mask[0]=11111111011111110111111111111111, sa_flags=SA_RESTART|SA_SIGINFO
SIGINT: [libjvm.dylib+0x485cb9], sa_mask[0]=11111111011111110111111111111111, sa_flags=SA_RESTART|SA_SIGINFO
SIGTERM: [libjvm.dylib+0x485cb9], sa_mask[0]=11111111011111110111111111111111, sa_flags=SA_RESTART|SA_SIGINFO
SIGQUIT: [libjvm.dylib+0x485cb9], sa_mask[0]=11111111011111110111111111111111, sa_flags=SA_RESTART|SA_SIGINFO


---------------  S Y S T E M  ---------------

OS:Bsduname:Darwin 16.1.0 Darwin Kernel Version 16.1.0: Thu Oct 13 21:26:57 PDT 2016; root:xnu-3789.21.3~60/RELEASE_X86_64 x86_64
rlimit: STACK 8192k, CORE 0k, NPROC 709, NOFILE 10240, AS infinity
load average:3.06 2.37 2.73

CPU:total 4 (2 cores per cpu, 2 threads per core) family 6 model 69 stepping 1, cmov, cx8, fxsr, mmx, sse, sse2, sse3, ssse3, sse4.1, sse4.2, popcnt, avx, avx2, aes, clmul, erms, lzcnt, ht, tsc, tscinvbit, bmi1, bmi2

Memory: 4k page, physical 8388608k(261524k free)

/proc/meminfo:


vm_info: Java HotSpot(TM) 64-Bit Server VM (25.121-b13) for bsd-amd64 JRE (1.8.0_121-b13), built on Dec 12 2016 20:39:32 by "java_re" with gcc 4.2.1 (Based on Apple Inc. build 5658) (LLVM build 2336.11.00)

time: Wed Apr  5 20:40:55 2017
elapsed time: 36 seconds (0d 0h 0m 36s)

